Using pre-set license
Built from '2020.2/staging' branch; Version is '2020.2.7f1 (c53830e277f1) revision 12924976'; Using compiler version '192528614'; Build Type 'Release'
OS: 'Windows 10 Pro; OS build 19042.906; Version 2009; 64bit' Language: 'en' Physical Memory: 16196 MB
BatchMode: 1, IsHumanControllingUs: 0, StartBugReporterOnCrash: 0, Is64bit: 1, IsPro: 0

 COMMAND LINE ARGUMENTS:
C:\Program Files\Unity\Hub\Editor\2020.2.7f1\Editor\Unity.exe
-adb2
-batchMode
-noUpm
-name
AssetImportWorker0
-projectPath
C:/Users/arash/repos/Unity/Project-Boncert
-logFile
Logs/AssetImportWorker0.log
-srvPort
<<<<<<< Updated upstream
63553
Successfully changed project path to: C:/Users/arash/repos/Unity/Project-Boncert
C:/Users/arash/repos/Unity/Project-Boncert
Using Asset Import Pipeline V2.
Refreshing native plugins compatible for Editor in 206.83 ms, found 2 plugins.
=======
53494
Successfully changed project path to: C:/Users/Wolfgang/Desktop/48000/concert github/Project-Boncert
C:/Users/Wolfgang/Desktop/48000/concert github/Project-Boncert
Using Asset Import Pipeline V2.
Refreshing native plugins compatible for Editor in 65.34 ms, found 2 plugins.
>>>>>>> Stashed changes
Preloading 0 native plugins for Editor in 0.00 ms.
Initialize engine version: 2020.2.7f1 (c53830e277f1)
[Subsystems] Discovering subsystems at path C:/Program Files/Unity/Hub/Editor/2020.2.7f1/Editor/Data/Resources/UnitySubsystems
[Subsystems] Discovering subsystems at path C:/Users/arash/repos/Unity/Project-Boncert/Assets
GfxDevice: creating device client; threaded=0
Direct3D:
    Version:  Direct3D 11.0 [level 11.1]
    Renderer: NVIDIA GeForce RTX 2070 with Max-Q Design (ID=0x1f10)
    Vendor:   
    VRAM:     8031 MB
    Driver:   27.21.14.5771
Initialize mono
Mono path[0] = 'C:/Program Files/Unity/Hub/Editor/2020.2.7f1/Editor/Data/Managed'
Mono path[1] = 'C:/Program Files/Unity/Hub/Editor/2020.2.7f1/Editor/Data/MonoBleedingEdge/lib/mono/unityjit'
Mono config path = 'C:/Program Files/Unity/Hub/Editor/2020.2.7f1/Editor/Data/MonoBleedingEdge/etc'
<<<<<<< Updated upstream
Using monoOptions --debugger-agent=transport=dt_socket,embedding=1,server=y,suspend=n,address=127.0.0.1:56140
=======
Using monoOptions --debugger-agent=transport=dt_socket,embedding=1,server=y,suspend=n,address=127.0.0.1:56320
>>>>>>> Stashed changes
Begin MonoManager ReloadAssembly
Registering precompiled unity dll's ...
Register platform support module: C:/Program Files/Unity/Hub/Editor/2020.2.7f1/Editor/Data/PlaybackEngines/WebGLSupport/UnityEditor.WebGL.Extensions.dll
Register platform support module: C:/Program Files/Unity/Hub/Editor/2020.2.7f1/Editor/Data/PlaybackEngines/WindowsStandaloneSupport/UnityEditor.WindowsStandalone.Extensions.dll
<<<<<<< Updated upstream
Registered in 0.003893 seconds.
=======
Registered in 0.003289 seconds.
>>>>>>> Stashed changes
Native extension for WindowsStandalone target not found
Native extension for WebGL target not found
<<<<<<< Updated upstream
Refreshing native plugins compatible for Editor in 116.65 ms, found 2 plugins.
=======
Refreshing native plugins compatible for Editor in 46.03 ms, found 2 plugins.
>>>>>>> Stashed changes
Preloading 0 native plugins for Editor in 0.00 ms.
Invoked RoslynAnalysisRunner static constructor.
RoslynAnalysisRunner will not be running.
RoslynAnalysisRunner has terminated.
Mono: successfully reloaded assembly
<<<<<<< Updated upstream
- Completed reload, in  3.295 seconds
Platform modules already initialized, skipping
Registering precompiled user dll's ...
Registered in 0.018090 seconds.
=======
- Completed reload, in  1.171 seconds
Platform modules already initialized, skipping
Registering precompiled user dll's ...
Registered in 0.010301 seconds.
>>>>>>> Stashed changes
Begin MonoManager ReloadAssembly
Native extension for WindowsStandalone target not found
Native extension for WebGL target not found
<<<<<<< Updated upstream
Refreshing native plugins compatible for Editor in 1.95 ms, found 2 plugins.
=======
Refreshing native plugins compatible for Editor in 0.92 ms, found 2 plugins.
>>>>>>> Stashed changes
Preloading 0 native plugins for Editor in 0.00 ms.
Invoked RoslynAnalysisRunner static constructor.
RoslynAnalysisRunner will not be running.
RoslynAnalysisRunner has terminated.
RefreshInfo: StopAssetImportingV2(NoUpdateAssetOptions) scanfilter: 
RefreshProfiler: Total: 0.000ms
<<<<<<< Updated upstream
Find all reader and writers took 256 milliseconds
Script Module: UnityEngine.TestRunner.dll
Weave behaviours and messages took110 milliseconds
Find all reader and writers took 180 milliseconds
Script Module: FMODUnity.dll
Weave behaviours and messages took102 milliseconds
Find all reader and writers took 171 milliseconds
Script Module: SimpleWebTransport.dll
Weave behaviours and messages took18 milliseconds
Find all reader and writers took 155 milliseconds
Script Module: Unity.Timeline.dll
Weave behaviours and messages took58 milliseconds
Find all reader and writers took 189 milliseconds
Script Module: UnityEngine.UI.dll
Weave behaviours and messages took155 milliseconds
Find all reader and writers took 214 milliseconds
Script Module: Unity.ProBuilder.dll
Weave behaviours and messages took174 milliseconds
Find all reader and writers took 149 milliseconds
Script Module: Cinemachine.dll
Weave behaviours and messages took114 milliseconds
Find all reader and writers took 175 milliseconds
=======
Find all reader and writers took 85 milliseconds
Script Module: UnityEngine.TestRunner.dll
Weave behaviours and messages took32 milliseconds
Find all reader and writers took 60 milliseconds
Script Module: FMODUnity.dll
Weave behaviours and messages took41 milliseconds
Find all reader and writers took 59 milliseconds
Script Module: SimpleWebTransport.dll
Weave behaviours and messages took8 milliseconds
Find all reader and writers took 64 milliseconds
Script Module: Unity.Timeline.dll
Weave behaviours and messages took25 milliseconds
Find all reader and writers took 62 milliseconds
Script Module: UnityEngine.UI.dll
Weave behaviours and messages took56 milliseconds
Find all reader and writers took 63 milliseconds
Script Module: Unity.ProBuilder.dll
Weave behaviours and messages took59 milliseconds
Find all reader and writers took 60 milliseconds
Script Module: Cinemachine.dll
Weave behaviours and messages took38 milliseconds
Find all reader and writers took 64 milliseconds
>>>>>>> Stashed changes
Script Module: Mirror.Components.dll
[NetworkAnimator] NetworkBehaviourProcessor
[NetworkRoomPlayer] NetworkBehaviourProcessor
[NetworkLobbyPlayer] NetworkBehaviourProcessor
[NetworkVisibility] NetworkBehaviourProcessor
[NetworkVisibility] Found NetworkBehaviour Mirror.NetworkVisibility
[NetworkVisibility] Process Start
[NetworkVisibility]   GenerateSerialization
[NetworkVisibility]   GenerateDeSerialization
[NetworkVisibility] Process Done
[NetworkMatchChecker] NetworkBehaviourProcessor
[NetworkVisibility] NetworkBehaviourProcessor
[NetworkOwnerChecker] NetworkBehaviourProcessor
[NetworkVisibility] NetworkBehaviourProcessor
[NetworkProximityChecker] NetworkBehaviourProcessor
[NetworkRoomPlayer] NetworkBehaviourProcessor
[NetworkVisibility] NetworkBehaviourProcessor
[NetworkSceneChecker] NetworkBehaviourProcessor
[NetworkTransformBase] NetworkBehaviourProcessor
[NetworkTransform] NetworkBehaviourProcessor
[NetworkTransformBase] NetworkBehaviourProcessor
[NetworkTransformBase] NetworkBehaviourProcessor
[NetworkTransformChild] NetworkBehaviourProcessor
[NetworkLerpRigidbody] NetworkBehaviourProcessor
[NetworkRigidbody] NetworkBehaviourProcessor
[NetworkRigidbody2D] NetworkBehaviourProcessor
[NetworkTransformBase] NetworkBehaviourProcessor
[NetworkTransform] NetworkBehaviourProcessor
[NetworkTransformBase] NetworkBehaviourProcessor
[NetworkTransformBase] NetworkBehaviourProcessor
[NetworkTransformChild] NetworkBehaviourProcessor
<<<<<<< Updated upstream
Weave behaviours and messages took100 milliseconds
  ProcessSitesModule Mirror.Components.dll elapsed time:00:00:00.0229958
Find all reader and writers took 168 milliseconds
Script Module: Mirror.Tests.Common.dll
Weave behaviours and messages took3 milliseconds
Find all reader and writers took 232 milliseconds
Script Module: Unity.TextMeshPro.dll
Weave behaviours and messages took235 milliseconds
Find all reader and writers took 209 milliseconds
Script Module: Unity.ProBuilder.Poly2Tri.dll
Weave behaviours and messages took9 milliseconds
Find all reader and writers took 201 milliseconds
Script Module: Unity.Postprocessing.Runtime.dll
Weave behaviours and messages took55 milliseconds
Find all reader and writers took 178 milliseconds
Script Module: Mirror.Tests.Runtime.dll
Weave behaviours and messages took8 milliseconds
Find all reader and writers took 191 milliseconds
=======
Weave behaviours and messages took25 milliseconds
  ProcessSitesModule Mirror.Components.dll elapsed time:00:00:00.0079747
Find all reader and writers took 57 milliseconds
Script Module: Mirror.Tests.Common.dll
Weave behaviours and messages took1 milliseconds
Find all reader and writers took 81 milliseconds
Script Module: Unity.TextMeshPro.dll
Weave behaviours and messages took76 milliseconds
Find all reader and writers took 52 milliseconds
Script Module: Unity.ProBuilder.Poly2Tri.dll
Weave behaviours and messages took7 milliseconds
Find all reader and writers took 61 milliseconds
Script Module: Unity.Postprocessing.Runtime.dll
Weave behaviours and messages took23 milliseconds
Find all reader and writers took 61 milliseconds
Script Module: Mirror.Tests.Runtime.dll
Weave behaviours and messages took5 milliseconds
Find all reader and writers took 62 milliseconds
>>>>>>> Stashed changes
Script Module: Assembly-CSharp.dll
[NetworkRoomPlayer] NetworkBehaviourProcessor
[NetworkRoomPlayerExt] NetworkBehaviourProcessor
[PlayerController] NetworkBehaviourProcessor
[PlayerScore] NetworkBehaviourProcessor
[RandomColor] NetworkBehaviourProcessor
[Reward] NetworkBehaviourProcessor
<<<<<<< Updated upstream
Weave behaviours and messages took14 milliseconds
  ProcessSitesModule Assembly-CSharp.dll elapsed time:00:00:00.0010073
Find all reader and writers took 183 milliseconds
Script Module: Telepathy.dll
Weave behaviours and messages took7 milliseconds
Find all reader and writers took 184 milliseconds
Script Module: Mirror.Authenticators.dll
Weave behaviours and messages took6 milliseconds
  ProcessSitesModule Mirror.Authenticators.dll elapsed time:00:00:00.0009917
Find all reader and writers took 174 milliseconds
Script Module: Unity.ProBuilder.Csg.dll
Weave behaviours and messages took4 milliseconds
Find all reader and writers took 181 milliseconds
Script Module: kcp2k.dll
Weave behaviours and messages took6 milliseconds
Find all reader and writers took 180 milliseconds
Script Module: Mirror.Cloud.dll
Weave behaviours and messages took6 milliseconds
Find all reader and writers took 170 milliseconds
Script Module: Unity.ProBuilder.KdTree.dll
Weave behaviours and messages took16 milliseconds
Find all reader and writers took 181 milliseconds
Script Module: Unity.ProBuilder.Stl.dll
Weave behaviours and messages took7 milliseconds
Find all reader and writers took 211 milliseconds
Script Module: FMODUnityResonance.dll
Weave behaviours and messages took1 milliseconds
Find all reader and writers took 199 milliseconds
Script Module: Mirror.Tests.Performance.Runtime.dll
Weave behaviours and messages took0 milliseconds
Find all reader and writers took 256 milliseconds
Script Module: UnityEditor.TestRunner.dll
Weave behaviours and messages took100 milliseconds
Find all reader and writers took 269 milliseconds
Script Module: UnityEditor.UI.dll
Weave behaviours and messages took29 milliseconds
Find all reader and writers took 364 milliseconds
Script Module: com.unity.cinemachine.editor.dll
Weave behaviours and messages took130 milliseconds
Find all reader and writers took 226 milliseconds
=======
Weave behaviours and messages took8 milliseconds
  ProcessSitesModule Assembly-CSharp.dll elapsed time:00:00:00
Find all reader and writers took 61 milliseconds
Script Module: Telepathy.dll
Weave behaviours and messages took3 milliseconds
Find all reader and writers took 60 milliseconds
Script Module: Mirror.Authenticators.dll
Weave behaviours and messages took7 milliseconds
  ProcessSitesModule Mirror.Authenticators.dll elapsed time:00:00:00
Find all reader and writers took 65 milliseconds
Script Module: Unity.ProBuilder.Csg.dll
Weave behaviours and messages took3 milliseconds
Find all reader and writers took 62 milliseconds
Script Module: kcp2k.dll
Weave behaviours and messages took3 milliseconds
Find all reader and writers took 62 milliseconds
Script Module: Mirror.Cloud.dll
Weave behaviours and messages took3 milliseconds
Find all reader and writers took 58 milliseconds
Script Module: Unity.ProBuilder.KdTree.dll
Weave behaviours and messages took2 milliseconds
Find all reader and writers took 57 milliseconds
Script Module: Unity.ProBuilder.Stl.dll
Weave behaviours and messages took1 milliseconds
Find all reader and writers took 62 milliseconds
Script Module: FMODUnityResonance.dll
Weave behaviours and messages took1 milliseconds
Find all reader and writers took 58 milliseconds
Script Module: Mirror.Tests.Performance.Runtime.dll
Weave behaviours and messages took0 milliseconds
Find all reader and writers took 86 milliseconds
Script Module: UnityEditor.TestRunner.dll
Weave behaviours and messages took36 milliseconds
Find all reader and writers took 83 milliseconds
Script Module: UnityEditor.UI.dll
Weave behaviours and messages took8 milliseconds
Find all reader and writers took 85 milliseconds
Script Module: com.unity.cinemachine.editor.dll
Weave behaviours and messages took35 milliseconds
Find all reader and writers took 85 milliseconds
>>>>>>> Stashed changes
Script Module: Mirror.Tests.dll
[EmptyBehaviour] NetworkBehaviourProcessor
[SyncVarGameObjectEqualExposedBehaviour] NetworkBehaviourProcessor
[SyncVarNetworkIdentityEqualExposedBehaviour] NetworkBehaviourProcessor
[NetworkBehaviourSendCommandInternalComponent] NetworkBehaviourProcessor
[NetworkBehaviourSendRPCInternalComponent] NetworkBehaviourProcessor
[NetworkBehaviourSendTargetRPCInternalComponent] NetworkBehaviourProcessor
[NetworkBehaviourDelegateComponent] NetworkBehaviourProcessor
[NetworkBehaviourSetSyncVarGameObjectComponent] NetworkBehaviourProcessor
[NetworkBehaviourGetSyncVarGameObjectComponent] NetworkBehaviourProcessor
[NetworkBehaviourSetSyncVarNetworkIdentityComponent] NetworkBehaviourProcessor
[NetworkBehaviourGetSyncVarNetworkIdentityComponent] NetworkBehaviourProcessor
[NetworkBehaviourInitSyncObjectExposed] NetworkBehaviourProcessor
[OnStopClientComponent] NetworkBehaviourProcessor
[OnStartClientComponent] NetworkBehaviourProcessor
[OnStartLocalPlayerComponent] NetworkBehaviourProcessor
[NetworkBehaviourHookGuardTester] NetworkBehaviourProcessor
[NetworkBehaviourInitSyncObjectTester] NetworkBehaviourProcessor
[CommandTestNetworkBehaviour] NetworkBehaviourProcessor
[RpcTestNetworkBehaviour] NetworkBehaviourProcessor
[OnStartClientTestNetworkBehaviour] NetworkBehaviourProcessor
[OnStopClientTestNetworkBehaviour] NetworkBehaviourProcessor
[TestObjectBehaviour] NetworkBehaviourProcessor
[TestPlayerBehaviour] NetworkBehaviourProcessor
[HookBehaviour] NetworkBehaviourProcessor
[GameObjectHookBehaviour] NetworkBehaviourProcessor
[NetworkIdentityHookBehaviour] NetworkBehaviourProcessor
[NetworkBehaviourHookBehaviour] NetworkBehaviourProcessor
[StaticHookBehaviour] NetworkBehaviourProcessor
[VirtualHookBase] NetworkBehaviourProcessor
[VirtualHookBase] NetworkBehaviourProcessor
[VirtualOverrideHook] NetworkBehaviourProcessor
[AbstractHookBase] NetworkBehaviourProcessor
[AbstractHookBase] NetworkBehaviourProcessor
[AbstractHook] NetworkBehaviourProcessor
[MockPlayer] NetworkBehaviourProcessor
[SyncVarGameObject] NetworkBehaviourProcessor
[SyncVarNetworkIdentity] NetworkBehaviourProcessor
[SyncVarTransform] NetworkBehaviourProcessor
[SyncVarNetworkBehaviour] NetworkBehaviourProcessor
[AbstractBehaviour] NetworkBehaviourProcessor
[BehaviourWithSyncVar] NetworkBehaviourProcessor
[AbstractBehaviour] NetworkBehaviourProcessor
[OverrideBehaviourFromSyncVar] NetworkBehaviourProcessor
[AbstractBehaviour] NetworkBehaviourProcessor
[OverrideBehaviourWithSyncVarFromSyncVar] NetworkBehaviourProcessor
[AbstractBehaviour] NetworkBehaviourProcessor
[MiddleClass] NetworkBehaviourProcessor
[AbstractBehaviour] NetworkBehaviourProcessor
[MiddleClass] NetworkBehaviourProcessor
[SubClass] NetworkBehaviourProcessor
[AbstractBehaviour] NetworkBehaviourProcessor
[MiddleClassWithSyncVar] NetworkBehaviourProcessor
[AbstractBehaviour] NetworkBehaviourProcessor
[MiddleClassWithSyncVar] NetworkBehaviourProcessor
[SubClassFromSyncVar] NetworkBehaviourProcessor
[BehaviourWithSyncVarWithOnSerialize] NetworkBehaviourProcessor
[AbstractBehaviour] NetworkBehaviourProcessor
[OverrideBehaviourFromSyncVarWithOnSerialize] NetworkBehaviourProcessor
[AbstractBehaviour] NetworkBehaviourProcessor
[OverrideBehaviourWithSyncVarFromSyncVarWithOnSerialize] NetworkBehaviourProcessor
[AttributeBehaviour_NetworkBehaviour] NetworkBehaviourProcessor
[DataSenderBehaviour] NetworkBehaviourProcessor
[PayloadTestBehaviour] NetworkBehaviourProcessor
[BehaviourWithEvents] NetworkBehaviourProcessor
[VirtualClientRpc] NetworkBehaviourProcessor
[VirtualClientRpc] NetworkBehaviourProcessor
[VirtualNoOverrideClientRpc] NetworkBehaviourProcessor
[VirtualClientRpc] NetworkBehaviourProcessor
[VirtualOverrideClientRpc] NetworkBehaviourProcessor
[VirtualClientRpc] NetworkBehaviourProcessor
[VirtualOverrideClientRpcWithBase] NetworkBehaviourProcessor
[ClientRpcBehaviour] NetworkBehaviourProcessor
[ExcludeOwnerBehaviour] NetworkBehaviourProcessor
[VirtualCommand] NetworkBehaviourProcessor
[VirtualCommand] NetworkBehaviourProcessor
[VirtualNoOverrideCommand] NetworkBehaviourProcessor
[VirtualCommand] NetworkBehaviourProcessor
[VirtualOverrideCommand] NetworkBehaviourProcessor
[VirtualCommand] NetworkBehaviourProcessor
[VirtualOverrideCommandWithBase] NetworkBehaviourProcessor
[VirtualCommand] NetworkBehaviourProcessor
[VirtualOverrideCommandWithBase] NetworkBehaviourProcessor
[VirtualOverrideCommandWithBase2] NetworkBehaviourProcessor
[AuthorityBehaviour] NetworkBehaviourProcessor
[IgnoreAuthorityBehaviour] NetworkBehaviourProcessor
[SenderConnectionBehaviour] NetworkBehaviourProcessor
[SenderConnectionIgnoreAuthorityBehaviour] NetworkBehaviourProcessor
[ThrowBehaviour] NetworkBehaviourProcessor
[RpcNetworkIdentityBehaviour] NetworkBehaviourProcessor
[VirtualTargetRpc] NetworkBehaviourProcessor
[VirtualTargetRpc] NetworkBehaviourProcessor
[VirtualNoOverrideTargetRpc] NetworkBehaviourProcessor
[VirtualTargetRpc] NetworkBehaviourProcessor
[VirtualOverrideTargetRpc] NetworkBehaviourProcessor
[VirtualTargetRpc] NetworkBehaviourProcessor
[VirtualOverrideTargetRpcWithBase] NetworkBehaviourProcessor
[TargetRpcBehaviour] NetworkBehaviourProcessor
<<<<<<< Updated upstream
Weave behaviours and messages took284 milliseconds
  ProcessSitesModule Mirror.Tests.dll elapsed time:00:00:00.0120031
Find all reader and writers took 185 milliseconds
Script Module: FMODUnityEditor.dll
Weave behaviours and messages took55 milliseconds
Find all reader and writers took 200 milliseconds
=======
Weave behaviours and messages took103 milliseconds
  ProcessSitesModule Mirror.Tests.dll elapsed time:00:00:00.0049867
Find all reader and writers took 73 milliseconds
Script Module: FMODUnityEditor.dll
Weave behaviours and messages took18 milliseconds
Find all reader and writers took 66 milliseconds
>>>>>>> Stashed changes
Script Module: WeaverTestExtraAssembly.dll
Weave behaviours and messages took4 milliseconds
  ProcessSitesModule WeaverTestExtraAssembly.dll elapsed time:00:00:00
<<<<<<< Updated upstream
Find all reader and writers took 252 milliseconds
Script Module: Unity.ProBuilder.AssetIdRemapUtility.dll
Weave behaviours and messages took11 milliseconds
Find all reader and writers took 179 milliseconds
Script Module: Mirror.CompilerSymbols.dll
Weave behaviours and messages took0 milliseconds
Find all reader and writers took 245 milliseconds
=======
Find all reader and writers took 81 milliseconds
Script Module: Unity.ProBuilder.AssetIdRemapUtility.dll
Weave behaviours and messages took4 milliseconds
Find all reader and writers took 66 milliseconds
Script Module: Mirror.CompilerSymbols.dll
Weave behaviours and messages took0 milliseconds
Find all reader and writers took 82 milliseconds
>>>>>>> Stashed changes
Script Module: FMODUnityResonanceEditor.dll
Weave behaviours and messages took3 milliseconds
Mono: successfully reloaded assembly
<<<<<<< Updated upstream
- Completed reload, in 21.393 seconds
Platform modules already initialized, skipping
========================================================================
Worker process is ready to serve import requests
Launched and connected shader compiler UnityShaderCompiler.exe after 0.14 seconds
Refreshing native plugins compatible for Editor in 2.88 ms, found 2 plugins.
Preloading 0 native plugins for Editor in 0.00 ms.
Unloading 4 Unused Serialized files (Serialized files now loaded: 0)
System memory in use before: 56.5 MB.
System memory in use after: 56.7 MB.

Unloading 187 unused Assets to reduce memory usage. Loaded Objects now: 2579.
Total: 9.967700 ms (FindLiveObjects: 1.744500 ms CreateObjectMapping: 0.758000 ms MarkObjects: 6.943100 ms  DeleteObjects: 0.519600 ms)

========================================================================
Received Import Request.
  path: Assets/Plugins/FMOD/Resources/FMODStudioSettings.asset
  artifactKey: Guid(6825b9034e38ae84b9bbe86d62d8974a) Importer(815301076,1909f56bfc062723c751e8b465ee728b)
Start importing Assets/Plugins/FMOD/Resources/FMODStudioSettings.asset using Guid(6825b9034e38ae84b9bbe86d62d8974a) Importer(815301076,1909f56bfc062723c751e8b465ee728b)  -> (artifact id: '4ddcce279c44fb074604432d09a64506') in 0.227645 seconds
  Import took 0.245542 seconds .
=======
- Completed reload, in  7.222 seconds
Platform modules already initialized, skipping
========================================================================
Worker process is ready to serve import requests
Launched and connected shader compiler UnityShaderCompiler.exe after 0.05 seconds
Refreshing native plugins compatible for Editor in 0.73 ms, found 2 plugins.
Preloading 0 native plugins for Editor in 0.00 ms.
Unloading 3 Unused Serialized files (Serialized files now loaded: 0)
System memory in use before: 56.0 MB.
System memory in use after: 56.1 MB.

Unloading 186 unused Assets to reduce memory usage. Loaded Objects now: 2579.
Total: 7.242000 ms (FindLiveObjects: 1.430000 ms CreateObjectMapping: 0.638500 ms MarkObjects: 4.969800 ms  DeleteObjects: 0.202300 ms)

========================================================================
Received Import Request.
  path: Assets/Plugins/FMOD/src/Editor/FMODUnityEditor.asmdef
  artifactKey: Guid(aab3caaf43456d6449a3e035348ff798) Importer(815301076,1909f56bfc062723c751e8b465ee728b)
Start importing Assets/Plugins/FMOD/src/Editor/FMODUnityEditor.asmdef using Guid(aab3caaf43456d6449a3e035348ff798) Importer(815301076,1909f56bfc062723c751e8b465ee728b)  -> (artifact id: '30e52030c48378b738d6293adccc6a9a') in 0.025776 seconds
  Import took 0.029194 seconds .

========================================================================
Received Import Request.
  Time since last request: 0.000409 seconds.
  path: Assets/Plugins/FMOD/addons/ResonanceAudio/Scripts/FMODUnityResonance.asmdef
  artifactKey: Guid(44d09cf463b68274884d8a3c8a94e528) Importer(815301076,1909f56bfc062723c751e8b465ee728b)
Start importing Assets/Plugins/FMOD/addons/ResonanceAudio/Scripts/FMODUnityResonance.asmdef using Guid(44d09cf463b68274884d8a3c8a94e528) Importer(815301076,1909f56bfc062723c751e8b465ee728b)  -> (artifact id: '041a4dbd79172b8650e06eb800d8b159') in 0.003454 seconds
  Import took 0.006315 seconds .

========================================================================
Received Import Request.
  Time since last request: 0.000350 seconds.
  path: Assets/Plugins/FMOD/Cache/Editor/FMODStudioCache.asset
  artifactKey: Guid(aa60096d54d1edc44b27f4346e0ace53) Importer(815301076,1909f56bfc062723c751e8b465ee728b)
Start importing Assets/Plugins/FMOD/Cache/Editor/FMODStudioCache.asset using Guid(aa60096d54d1edc44b27f4346e0ace53) Importer(815301076,1909f56bfc062723c751e8b465ee728b)  -> (artifact id: 'a806924407182ff829905a480131be7e') in 0.009812 seconds
  Import took 0.013605 seconds .

========================================================================
Received Import Request.
  Time since last request: 0.000331 seconds.
  path: Assets/Plugins/FMOD/addons/ResonanceAudio/Editor/FMODUnityResonanceEditor.asmdef
  artifactKey: Guid(194213485063a984b98ce9410892267a) Importer(815301076,1909f56bfc062723c751e8b465ee728b)
Start importing Assets/Plugins/FMOD/addons/ResonanceAudio/Editor/FMODUnityResonanceEditor.asmdef using Guid(194213485063a984b98ce9410892267a) Importer(815301076,1909f56bfc062723c751e8b465ee728b)  -> (artifact id: 'a4e6681d3d2eb1a2100a17a055306eee') in 0.004466 seconds
  Import took 0.007945 seconds .

========================================================================
Received Import Request.
  Time since last request: 0.000384 seconds.
  path: Assets/Plugins/FMOD/Resources/FMODStudioSettings.asset
  artifactKey: Guid(6825b9034e38ae84b9bbe86d62d8974a) Importer(815301076,1909f56bfc062723c751e8b465ee728b)
Start importing Assets/Plugins/FMOD/Resources/FMODStudioSettings.asset using Guid(6825b9034e38ae84b9bbe86d62d8974a) Importer(815301076,1909f56bfc062723c751e8b465ee728b)  -> (artifact id: '8ce7d2f8c02ff0ea5a6de754a2a907f9') in 0.035256 seconds
  Import took 0.038204 seconds .

========================================================================
Received Import Request.
  Time since last request: 0.000289 seconds.
  path: Assets/Plugins/FMOD/FMODUnity.asmdef
  artifactKey: Guid(0c752da273b17c547ae705acf0f2adf2) Importer(815301076,1909f56bfc062723c751e8b465ee728b)
Start importing Assets/Plugins/FMOD/FMODUnity.asmdef using Guid(0c752da273b17c547ae705acf0f2adf2) Importer(815301076,1909f56bfc062723c751e8b465ee728b)  -> (artifact id: '7e30640f86f3b93ba096d50c7df8f429') in 0.004398 seconds
  Import took 0.008516 seconds .

========================================================================
Received Import Request.
  Time since last request: 0.000276 seconds.
  path: Assets/Gizmos/FMOD/FMODEmitter.tiff
  artifactKey: Guid(392af304825cbe847bbf4e603852e4dd) Importer(815301076,1909f56bfc062723c751e8b465ee728b)
Start importing Assets/Gizmos/FMOD/FMODEmitter.tiff using Guid(392af304825cbe847bbf4e603852e4dd) Importer(815301076,1909f56bfc062723c751e8b465ee728b)  -> (artifact id: 'f5c683fdd00ddafac8ce8da60b1b601d') in 0.040161 seconds
  Import took 0.043208 seconds .
>>>>>>> Stashed changes

========================================================================
Received Prepare
Registering precompiled user dll's ...
<<<<<<< Updated upstream
Registered in 0.022785 seconds.
=======
Registered in 0.010024 seconds.
>>>>>>> Stashed changes
Begin MonoManager ReloadAssembly
Native extension for WindowsStandalone target not found
Native extension for WebGL target not found
<<<<<<< Updated upstream
Refreshing native plugins compatible for Editor in 1.84 ms, found 2 plugins.
=======
Refreshing native plugins compatible for Editor in 0.96 ms, found 2 plugins.
>>>>>>> Stashed changes
Preloading 0 native plugins for Editor in 0.00 ms.
Warning: Annotation not found!
UnityEngine.StackTraceUtility:ExtractStackTrace ()
UnityEditor.ProBuilder.EditorUtility:SetGizmoIconEnabled (System.Type,bool) (at Library/PackageCache/com.unity.probuilder@4.5.0/Editor/EditorCore/EditorUtility.cs:593)
UnityEditor.ProBuilder.HierarchyListener:.cctor () (at Library/PackageCache/com.unity.probuilder@4.5.0/Editor/EditorCore/HierarchyListener.cs:21)
System.Runtime.CompilerServices.RuntimeHelpers:RunClassConstructor (System.RuntimeTypeHandle)
UnityEditor.EditorAssemblies:ProcessInitializeOnLoadAttributes (System.Type[])

[Library/PackageCache/com.unity.probuilder@4.5.0/Editor/EditorCore/EditorUtility.cs line 593]

Invoked RoslynAnalysisRunner static constructor.
RoslynAnalysisRunner will not be running.
RoslynAnalysisRunner has terminated.
RefreshInfo: StopAssetImportingV2(NoUpdateAssetOptions) scanfilter: 
RefreshProfiler: Total: 0.000ms
Mono: successfully reloaded assembly
<<<<<<< Updated upstream
- Completed reload, in  1.936 seconds
=======
- Completed reload, in  1.094 seconds
>>>>>>> Stashed changes
Platform modules already initialized, skipping
Refreshing native plugins compatible for Editor in 1.41 ms, found 2 plugins.
Preloading 0 native plugins for Editor in 0.00 ms.
<<<<<<< Updated upstream
Unloading 903 Unused Serialized files (Serialized files now loaded: 0)
System memory in use before: 74.0 MB.
System memory in use after: 74.1 MB.

Unloading 72 unused Assets to reduce memory usage. Loaded Objects now: 2583.
Total: 6.596700 ms (FindLiveObjects: 0.446200 ms CreateObjectMapping: 0.545700 ms MarkObjects: 5.102300 ms  DeleteObjects: 0.499900 ms)

========================================================================
Received Prepare
Registering precompiled user dll's ...
Registered in 0.008462 seconds.
=======
Unloading 902 Unused Serialized files (Serialized files now loaded: 0)
System memory in use before: 73.4 MB.
System memory in use after: 73.5 MB.

Unloading 71 unused Assets to reduce memory usage. Loaded Objects now: 2585.
Total: 3.036700 ms (FindLiveObjects: 0.210300 ms CreateObjectMapping: 0.097200 ms MarkObjects: 2.590000 ms  DeleteObjects: 0.137500 ms)

========================================================================
Received Import Request.
  Time since last request: 634.875713 seconds.
  path: Assets/Scenes/Bryan.unity
  artifactKey: Guid(cc07740937ff5234c9565fe7e00dbfdb) Importer(815301076,1909f56bfc062723c751e8b465ee728b)
Start importing Assets/Scenes/Bryan.unity using Guid(cc07740937ff5234c9565fe7e00dbfdb) Importer(815301076,1909f56bfc062723c751e8b465ee728b)  -> (artifact id: 'a5da1d1f265306a78a5ba9b77e005e29') in 0.018565 seconds
  Import took 0.021390 seconds .

========================================================================
Received Import Request.
  Time since last request: 39.336299 seconds.
  path: Assets/Scenes/Julian.unity
  artifactKey: Guid(6f07809cdc019c74c947760836b235b2) Importer(815301076,1909f56bfc062723c751e8b465ee728b)
Start importing Assets/Scenes/Julian.unity using Guid(6f07809cdc019c74c947760836b235b2) Importer(815301076,1909f56bfc062723c751e8b465ee728b)  -> (artifact id: 'a8f1e819280ed9ce8421f152ff6e7652') in 0.005387 seconds
  Import took 0.008714 seconds .

========================================================================
Received Import Request.
  Time since last request: 27.323437 seconds.
  path: Assets/Scenes/Bryan.unity
  artifactKey: Guid(cc07740937ff5234c9565fe7e00dbfdb) Importer(815301076,1909f56bfc062723c751e8b465ee728b)
Start importing Assets/Scenes/Bryan.unity using Guid(cc07740937ff5234c9565fe7e00dbfdb) Importer(815301076,1909f56bfc062723c751e8b465ee728b)  -> (artifact id: 'f60fa2008e9a7d0b3e9971f8195b1062') in 0.003809 seconds
  Import took 0.006675 seconds .

========================================================================
Received Prepare
Registering precompiled user dll's ...
Registered in 0.009824 seconds.
>>>>>>> Stashed changes
Begin MonoManager ReloadAssembly
Native extension for WindowsStandalone target not found
Native extension for WebGL target not found
<<<<<<< Updated upstream
Refreshing native plugins compatible for Editor in 1.10 ms, found 2 plugins.
=======
Refreshing native plugins compatible for Editor in 0.96 ms, found 2 plugins.
>>>>>>> Stashed changes
Preloading 0 native plugins for Editor in 0.00 ms.
Warning: Annotation not found!
UnityEngine.StackTraceUtility:ExtractStackTrace ()
UnityEditor.ProBuilder.EditorUtility:SetGizmoIconEnabled (System.Type,bool) (at Library/PackageCache/com.unity.probuilder@4.5.0/Editor/EditorCore/EditorUtility.cs:593)
UnityEditor.ProBuilder.HierarchyListener:.cctor () (at Library/PackageCache/com.unity.probuilder@4.5.0/Editor/EditorCore/HierarchyListener.cs:21)
System.Runtime.CompilerServices.RuntimeHelpers:RunClassConstructor (System.RuntimeTypeHandle)
UnityEditor.EditorAssemblies:ProcessInitializeOnLoadAttributes (System.Type[])

[Library/PackageCache/com.unity.probuilder@4.5.0/Editor/EditorCore/EditorUtility.cs line 593]

Invoked RoslynAnalysisRunner static constructor.
RoslynAnalysisRunner will not be running.
RoslynAnalysisRunner has terminated.
RefreshInfo: StopAssetImportingV2(NoUpdateAssetOptions) scanfilter: 
RefreshProfiler: Total: 0.000ms
Mono: successfully reloaded assembly
<<<<<<< Updated upstream
- Completed reload, in  1.270 seconds
=======
- Completed reload, in  1.047 seconds
>>>>>>> Stashed changes
Platform modules already initialized, skipping
Refreshing native plugins compatible for Editor in 0.96 ms, found 2 plugins.
Preloading 0 native plugins for Editor in 0.00 ms.
<<<<<<< Updated upstream
Unloading 903 Unused Serialized files (Serialized files now loaded: 0)
System memory in use before: 74.1 MB.
System memory in use after: 74.1 MB.

Unloading 72 unused Assets to reduce memory usage. Loaded Objects now: 2586.
Total: 6.457500 ms (FindLiveObjects: 0.977100 ms CreateObjectMapping: 0.179200 ms MarkObjects: 5.124800 ms  DeleteObjects: 0.173300 ms)
=======
Unloading 902 Unused Serialized files (Serialized files now loaded: 0)
System memory in use before: 73.5 MB.
System memory in use after: 73.6 MB.

Unloading 71 unused Assets to reduce memory usage. Loaded Objects now: 2588.
Total: 2.488800 ms (FindLiveObjects: 0.259900 ms CreateObjectMapping: 0.128500 ms MarkObjects: 2.022200 ms  DeleteObjects: 0.076800 ms)

========================================================================
Received Import Request.
  Time since last request: 846.456346 seconds.
  path: Assets/Scenes/environment pack/signage/uploads_files_1830254_Neon+sign/Neon sign/Textures
  artifactKey: Guid(1e7681ae6f309f342a8ccbd943d36ee6) Importer(815301076,1909f56bfc062723c751e8b465ee728b)
Start importing Assets/Scenes/environment pack/signage/uploads_files_1830254_Neon+sign/Neon sign/Textures using Guid(1e7681ae6f309f342a8ccbd943d36ee6) Importer(815301076,1909f56bfc062723c751e8b465ee728b)  -> (artifact id: 'f24b03bf0b7eae6c0fdb862d9fbbad14') in 0.015864 seconds
  Import took 0.023731 seconds .

========================================================================
Received Import Request.
  Time since last request: 0.380109 seconds.
  path: Assets/Scenes/environment pack/signage/uploads_files_1830254_Neon+sign/Neon sign/Textures/low_Neon_sign_AO.png
  artifactKey: Guid(ffb2091331c76dc409da25356bf9439f) Importer(815301076,1909f56bfc062723c751e8b465ee728b)
Start importing Assets/Scenes/environment pack/signage/uploads_files_1830254_Neon+sign/Neon sign/Textures/low_Neon_sign_AO.png using Guid(ffb2091331c76dc409da25356bf9439f) Importer(815301076,1909f56bfc062723c751e8b465ee728b)  -> (artifact id: '2cc70823be92a545f456ed9edce965bb') in 0.111183 seconds
  Import took 0.114048 seconds .

========================================================================
Received Import Request.
  Time since last request: 0.000427 seconds.
  path: Assets/Scenes/environment pack/signage/uploads_files_1830254_Neon+sign/Neon sign/Textures/low_Neon_sign_Emissive.png
  artifactKey: Guid(8024005f08db1e84d924eaf7b4db98dc) Importer(815301076,1909f56bfc062723c751e8b465ee728b)
Start importing Assets/Scenes/environment pack/signage/uploads_files_1830254_Neon+sign/Neon sign/Textures/low_Neon_sign_Emissive.png using Guid(8024005f08db1e84d924eaf7b4db98dc) Importer(815301076,1909f56bfc062723c751e8b465ee728b)  -> (artifact id: 'd06cce373d5dc766bff25bc830ac31ec') in 0.022080 seconds
  Import took 0.025426 seconds .

========================================================================
Received Import Request.
  Time since last request: 0.000385 seconds.
  path: Assets/Scenes/environment pack/signage/uploads_files_1830254_Neon+sign/Neon sign/Textures/low_Neon_sign_Normal.png
  artifactKey: Guid(238ea29eba5bf1349bc9a1cff2679cea) Importer(815301076,1909f56bfc062723c751e8b465ee728b)
Start importing Assets/Scenes/environment pack/signage/uploads_files_1830254_Neon+sign/Neon sign/Textures/low_Neon_sign_Normal.png using Guid(238ea29eba5bf1349bc9a1cff2679cea) Importer(815301076,1909f56bfc062723c751e8b465ee728b)  -> (artifact id: '992de4ef42fba6ba64800ad11af8ab32') in 0.031130 seconds
  Import took 0.034351 seconds .

========================================================================
Received Import Request.
  Time since last request: 0.000393 seconds.
  path: Assets/Scenes/environment pack/signage/uploads_files_1830254_Neon+sign/Neon sign/Textures/low_Neon_sign_BaseColor.png
  artifactKey: Guid(a8611b0139019254582329f246630405) Importer(815301076,1909f56bfc062723c751e8b465ee728b)
Start importing Assets/Scenes/environment pack/signage/uploads_files_1830254_Neon+sign/Neon sign/Textures/low_Neon_sign_BaseColor.png using Guid(a8611b0139019254582329f246630405) Importer(815301076,1909f56bfc062723c751e8b465ee728b)  -> (artifact id: '0d9e7fe52f3f09e7ec1915e3ca824795') in 0.037973 seconds
  Import took 0.040657 seconds .

========================================================================
Received Import Request.
  Time since last request: 0.000350 seconds.
  path: Assets/Scenes/environment pack/signage/uploads_files_1830254_Neon+sign/Neon sign/Textures/low_Neon_sign_Roughness.png
  artifactKey: Guid(574d7d8f853ae244fa731bdea743b239) Importer(815301076,1909f56bfc062723c751e8b465ee728b)
Start importing Assets/Scenes/environment pack/signage/uploads_files_1830254_Neon+sign/Neon sign/Textures/low_Neon_sign_Roughness.png using Guid(574d7d8f853ae244fa731bdea743b239) Importer(815301076,1909f56bfc062723c751e8b465ee728b)  -> (artifact id: '471aa709119e292efef8e6d2ea3ebd46') in 0.039540 seconds
  Import took 0.042303 seconds .

========================================================================
Received Import Request.
  Time since last request: 0.000306 seconds.
  path: Assets/Scenes/environment pack/signage/uploads_files_1830254_Neon+sign/Neon sign/Textures/low_Neon_sign_Height.png
  artifactKey: Guid(4f3b4e54fa8091c448b22751b86489c4) Importer(815301076,1909f56bfc062723c751e8b465ee728b)
Start importing Assets/Scenes/environment pack/signage/uploads_files_1830254_Neon+sign/Neon sign/Textures/low_Neon_sign_Height.png using Guid(4f3b4e54fa8091c448b22751b86489c4) Importer(815301076,1909f56bfc062723c751e8b465ee728b)  -> (artifact id: '04dc847cb393f9dcb014508e29946b73') in 0.022628 seconds
  Import took 0.025360 seconds .

========================================================================
Received Import Request.
  Time since last request: 0.000339 seconds.
  path: Assets/Scenes/environment pack/signage/uploads_files_1830254_Neon+sign/Neon sign/Textures/low_Neon_sign_Metallic.png
  artifactKey: Guid(1bdcb81c7dd1c2444ba5a844531c2b63) Importer(815301076,1909f56bfc062723c751e8b465ee728b)
Start importing Assets/Scenes/environment pack/signage/uploads_files_1830254_Neon+sign/Neon sign/Textures/low_Neon_sign_Metallic.png using Guid(1bdcb81c7dd1c2444ba5a844531c2b63) Importer(815301076,1909f56bfc062723c751e8b465ee728b)  -> (artifact id: '670555ede449e39c44eb0ff5dd45120c') in 0.024331 seconds
  Import took 0.026991 seconds .

========================================================================
Received Prepare
Registering precompiled user dll's ...
Registered in 0.009038 seconds.
Begin MonoManager ReloadAssembly
Native extension for WindowsStandalone target not found
Native extension for OSXStandalone target not found
Native extension for WebGL target not found
Refreshing native plugins compatible for Editor in 0.75 ms, found 2 plugins.
Preloading 0 native plugins for Editor in 0.00 ms.
Warning: Annotation not found!
UnityEngine.StackTraceUtility:ExtractStackTrace ()
UnityEditor.ProBuilder.EditorUtility:SetGizmoIconEnabled (System.Type,bool) (at Library/PackageCache/com.unity.probuilder@4.5.0/Editor/EditorCore/EditorUtility.cs:593)
UnityEditor.ProBuilder.HierarchyListener:.cctor () (at Library/PackageCache/com.unity.probuilder@4.5.0/Editor/EditorCore/HierarchyListener.cs:21)
System.Runtime.CompilerServices.RuntimeHelpers:RunClassConstructor (System.RuntimeTypeHandle)
UnityEditor.EditorAssemblies:ProcessInitializeOnLoadAttributes (System.Type[])

[Library/PackageCache/com.unity.probuilder@4.5.0/Editor/EditorCore/EditorUtility.cs line 593]

Invoked RoslynAnalysisRunner static constructor.
RoslynAnalysisRunner will not be running.
RoslynAnalysisRunner has terminated.
RefreshInfo: StopAssetImportingV2(NoUpdateAssetOptions) scanfilter: 
RefreshProfiler: Total: 0.000ms
Mono: successfully reloaded assembly
- Completed reload, in  1.083 seconds
Platform modules already initialized, skipping
Refreshing native plugins compatible for Editor in 0.75 ms, found 2 plugins.
Preloading 0 native plugins for Editor in 0.00 ms.
Unloading 902 Unused Serialized files (Serialized files now loaded: 0)
System memory in use before: 73.5 MB.
System memory in use after: 73.6 MB.

Unloading 71 unused Assets to reduce memory usage. Loaded Objects now: 2592.
Total: 2.026200 ms (FindLiveObjects: 0.172600 ms CreateObjectMapping: 0.066000 ms MarkObjects: 1.706500 ms  DeleteObjects: 0.080100 ms)
>>>>>>> Stashed changes

AssetImportWorkerClient::OnTransportError - code=2 error=End of file
